<?xml version="1.0" encoding="UTF-8"?>
<testsuite xmlns:xsi="http://www.w3.org/2001/XMLSchema-instance" xsi:noNamespaceSchemaLocation="https://maven.apache.org/surefire/maven-surefire-plugin/xsd/surefire-test-report-3.0.xsd" version="3.0" name="org.springframework.samples.petclinic.MySqlIntegrationTests" time="109.175" tests="2" errors="0" skipped="0" failures="0">
  <properties>
[...]
</properties>
  <testcase name="testFindAll" classname="org.springframework.samples.petclinic.MySqlIntegrationTests" time="0.311">
    <system-out><![CDATA[2024-01-18T11:53:15.623+01:00  INFO 24126 --- [           main] t.c.s.AnnotationConfigContextLoaderUtils : Could not detect default configuration classes for test class [org.springframework.samples.petclinic.MySqlIntegrationTests]: MySqlIntegrationTests does not declare any static, non-private, non-final, nested classes annotated with @Configuration.
2024-01-18T11:53:15.709+01:00  INFO 24126 --- [           main] tc.mysql:8.2                             : Pulling docker image: mysql:8.2. Please be patient; this may take some time but only needs to be done once.
2024-01-18T11:53:18.069+01:00  INFO 24126 --- [tream-115202031] tc.mysql:8.2                             : Starting to pull image
2024-01-18T11:53:18.077+01:00  INFO 24126 --- [tream-115202031] tc.mysql:8.2                             : Pulling image layers:  0 pending,  0 downloaded,  0 extracted, (0 bytes/0 bytes)
2024-01-18T11:53:19.077+01:00  INFO 24126 --- [tream-115202031] tc.mysql:8.2                             : Pulling image layers:  9 pending,  1 downloaded,  0 extracted, (884 bytes/? MB)
2024-01-18T11:53:19.457+01:00  INFO 24126 --- [tream-115202031] tc.mysql:8.2                             : Pulling image layers:  8 pending,  2 downloaded,  0 extracted, (1 MB/? MB)
2024-01-18T11:53:20.150+01:00  INFO 24126 --- [tream-115202031] tc.mysql:8.2                             : Pulling image layers:  7 pending,  3 downloaded,  0 extracted, (7 MB/? MB)
2024-01-18T11:53:20.711+01:00  INFO 24126 --- [tream-115202031] tc.mysql:8.2                             : Pulling image layers:  6 pending,  4 downloaded,  0 extracted, (13 MB/? MB)
2024-01-18T11:53:20.893+01:00  INFO 24126 --- [tream-115202031] tc.mysql:8.2                             : Pulling image layers:  5 pending,  5 downloaded,  0 extracted, (15 MB/? MB)
2024-01-18T11:53:21.434+01:00  INFO 24126 --- [tream-115202031] tc.mysql:8.2                             : Pulling image layers:  4 pending,  6 downloaded,  0 extracted, (20 MB/? MB)
2024-01-18T11:53:26.337+01:00  INFO 24126 --- [tream-115202031] tc.mysql:8.2                             : Pulling image layers:  3 pending,  7 downloaded,  0 extracted, (74 MB/? MB)
2024-01-18T11:53:26.873+01:00  INFO 24126 --- [tream-115202031] tc.mysql:8.2                             : Pulling image layers:  2 pending,  8 downloaded,  0 extracted, (79 MB/? MB)
2024-01-18T11:53:31.305+01:00  INFO 24126 --- [tream-115202031] tc.mysql:8.2                             : Pulling image layers:  2 pending,  8 downloaded,  1 extracted, (127 MB/? MB)
2024-01-18T11:53:31.513+01:00  INFO 24126 --- [tream-115202031] tc.mysql:8.2                             : Pulling image layers:  2 pending,  8 downloaded,  2 extracted, (129 MB/? MB)
2024-01-18T11:53:31.638+01:00  INFO 24126 --- [tream-115202031] tc.mysql:8.2                             : Pulling image layers:  2 pending,  8 downloaded,  3 extracted, (131 MB/? MB)
2024-01-18T11:53:32.422+01:00  INFO 24126 --- [tream-115202031] tc.mysql:8.2                             : Pulling image layers:  2 pending,  8 downloaded,  4 extracted, (139 MB/? MB)
2024-01-18T11:53:32.470+01:00  INFO 24126 --- [tream-115202031] tc.mysql:8.2                             : Pulling image layers:  2 pending,  8 downloaded,  5 extracted, (139 MB/? MB)
2024-01-18T11:53:32.516+01:00  INFO 24126 --- [tream-115202031] tc.mysql:8.2                             : Pulling image layers:  2 pending,  8 downloaded,  6 extracted, (140 MB/? MB)
2024-01-18T11:53:35.083+01:00  INFO 24126 --- [tream-115202031] tc.mysql:8.2                             : Pulling image layers:  1 pending,  9 downloaded,  6 extracted, (168 MB/? MB)
2024-01-18T11:53:36.627+01:00  INFO 24126 --- [tream-115202031] tc.mysql:8.2                             : Pulling image layers:  0 pending, 10 downloaded,  6 extracted, (175 MB/176 MB)
2024-01-18T11:53:38.233+01:00  INFO 24126 --- [tream-115202031] tc.mysql:8.2                             : Pulling image layers:  0 pending, 10 downloaded,  7 extracted, (176 MB/176 MB)
2024-01-18T11:53:38.262+01:00  INFO 24126 --- [tream-115202031] tc.mysql:8.2                             : Pulling image layers:  0 pending, 10 downloaded,  8 extracted, (176 MB/176 MB)
2024-01-18T11:53:51.279+01:00  INFO 24126 --- [tream-115202031] tc.mysql:8.2                             : Pulling image layers:  0 pending, 10 downloaded,  9 extracted, (176 MB/176 MB)
2024-01-18T11:53:51.297+01:00  INFO 24126 --- [tream-115202031] tc.mysql:8.2                             : Pulling image layers:  0 pending, 10 downloaded, 10 extracted, (176 MB/176 MB)
2024-01-18T11:53:51.386+01:00  INFO 24126 --- [tream-115202031] tc.mysql:8.2                             : Pull complete. 10 layers, pulled in 33s (downloaded 176 MB at 5 MB/s)
2024-01-18T11:53:51.387+01:00  INFO 24126 --- [           main] tc.mysql:8.2                             : Image mysql:8.2 pull took PT35.67756S
2024-01-18T11:53:51.620+01:00  INFO 24126 --- [           main] .b.t.c.SpringBootTestContextBootstrapper : Found @SpringBootConfiguration org.springframework.samples.petclinic.PetClinicApplication for test class org.springframework.samples.petclinic.MySqlIntegrationTests
2024-01-18T11:53:51.666+01:00  INFO 24126 --- [           main] tc.mysql:8.2                             : Creating container for image: mysql:8.2
2024-01-18T11:53:52.764+01:00  INFO 24126 --- [           main] tc.mysql:8.2                             : Container mysql:8.2 is starting: 4e7d31c8df35cdd1ddf72bf0f824401fccba27e96242113a9b89e5d6d0f9dbc2
2024-01-18T11:53:53.733+01:00  INFO 24126 --- [           main] tc.mysql:8.2                             : Waiting for database connection to become available at jdbc:mysql://localhost:61636/test using query 'SELECT 1'
2024-01-18T11:54:42.393+01:00  INFO 24126 --- [           main] tc.mysql:8.2                             : Container mysql:8.2 started in PT50.724671S
2024-01-18T11:54:42.405+01:00  INFO 24126 --- [           main] tc.mysql:8.2                             : Container is started (JDBC URL: jdbc:mysql://localhost:61636/test)
2024-01-18T11:54:42.456+01:00  INFO 24126 --- [           main] o.s.b.d.r.RestartApplicationListener     : Restart disabled due to context in which it is running


              |\      _,,,--,,_
             /,`.-'`'   ._  \-;;,_
  _______ __|,4-  ) )_   .;.(__`'-'__     ___ __    _ ___ _______
 |       | '---''(_/._)-'(_\_)   |   |   |   |  |  | |   |       |
 |    _  |    ___|_     _|       |   |   |   |   |_| |   |       | __ _ _
 |   |_| |   |___  |   | |       |   |   |   |       |   |       | \ \ \ \
 |    ___|    ___| |   | |      _|   |___|   |  _    |   |      _|  \ \ \ \
 |   |   |   |___  |   | |     |_|       |   | | |   |   |     |_    ) ) ) )
 |___|   |_______| |___| |_______|_______|___|_|  |__|___|_______|  / / / /
 ==================================================================/_/_/_/

:: Built with Spring Boot :: 3.2.1


2024-01-18T11:54:42.560+01:00  INFO 24126 --- [           main] o.s.s.petclinic.MySqlIntegrationTests    : Starting MySqlIntegrationTests using Java 17.0.10 with PID 24126 (started by mattiasardellini in /Users/mattiasardellini/Library/CloudStorage/OneDrive-DGSSpA/Documenti/Progetti/spring-petclinic)
2024-01-18T11:54:42.561+01:00  INFO 24126 --- [           main] o.s.s.petclinic.MySqlIntegrationTests    : The following 1 profile is active: "mysql"
2024-01-18T11:54:43.076+01:00  INFO 24126 --- [           main] .s.d.r.c.RepositoryConfigurationDelegate : Bootstrapping Spring Data JPA repositories in DEFAULT mode.
2024-01-18T11:54:43.091+01:00  INFO 24126 --- [           main] .s.d.r.c.RepositoryConfigurationDelegate : Finished Spring Data repository scanning in 13 ms. Found 2 JPA repository interfaces.
2024-01-18T11:54:43.428+01:00  INFO 24126 --- [           main] o.s.b.w.embedded.tomcat.TomcatWebServer  : Tomcat initialized with port 0 (http)
2024-01-18T11:54:43.433+01:00  INFO 24126 --- [           main] o.apache.catalina.core.StandardService   : Starting service [Tomcat]
2024-01-18T11:54:43.434+01:00  INFO 24126 --- [           main] o.apache.catalina.core.StandardEngine    : Starting Servlet engine: [Apache Tomcat/10.1.17]
2024-01-18T11:54:43.500+01:00  INFO 24126 --- [           main] o.a.c.c.C.[Tomcat-1].[localhost].[/]     : Initializing Spring embedded WebApplicationContext
2024-01-18T11:54:43.500+01:00  INFO 24126 --- [           main] w.s.c.ServletWebServerApplicationContext : Root WebApplicationContext: initialization completed in 931 ms
2024-01-18T11:54:43.780+01:00  INFO 24126 --- [           main] com.zaxxer.hikari.HikariDataSource       : HikariPool-2 - Starting...
2024-01-18T11:54:44.191+01:00  INFO 24126 --- [           main] com.zaxxer.hikari.pool.HikariPool        : HikariPool-2 - Added connection com.mysql.cj.jdbc.ConnectionImpl@7f7641a0
2024-01-18T11:54:44.193+01:00  INFO 24126 --- [           main] com.zaxxer.hikari.HikariDataSource       : HikariPool-2 - Start completed.
2024-01-18T11:54:47.644+01:00  INFO 24126 --- [           main] o.hibernate.jpa.internal.util.LogHelper  : HHH000204: Processing PersistenceUnitInfo [name: default]
2024-01-18T11:54:47.660+01:00  INFO 24126 --- [           main] o.h.c.internal.RegionFactoryInitiator    : HHH000026: Second-level cache disabled
2024-01-18T11:54:47.673+01:00  INFO 24126 --- [           main] o.s.o.j.p.SpringPersistenceUnitInfo      : No LoadTimeWeaver setup: ignoring JPA class transformer
2024-01-18T11:54:47.920+01:00  INFO 24126 --- [           main] o.h.e.t.j.p.i.JtaPlatformInitiator       : HHH000489: No JTA platform available (set 'hibernate.transaction.jta.platform' to enable JTA platform integration)
2024-01-18T11:54:47.920+01:00  INFO 24126 --- [           main] j.LocalContainerEntityManagerFactoryBean : Initialized JPA EntityManagerFactory for persistence unit 'default'
2024-01-18T11:54:47.943+01:00  INFO 24126 --- [           main] tc.mysql:8.2                             : Creating container for image: mysql:8.2
2024-01-18T11:54:48.315+01:00  INFO 24126 --- [           main] tc.mysql:8.2                             : Container mysql:8.2 is starting: 70abb846a964da08b51d05c250e82a32bcc6d41897afd3aa5fe6d5b3d68d938e
2024-01-18T11:54:49.518+01:00  INFO 24126 --- [           main] tc.mysql:8.2                             : Waiting for database connection to become available at jdbc:mysql://localhost:62017/test using query 'SELECT 1'
2024-01-18T11:55:02.299+01:00  INFO 24126 --- [           main] tc.mysql:8.2                             : Container mysql:8.2 started in PT14.355165S
2024-01-18T11:55:02.302+01:00  INFO 24126 --- [           main] tc.mysql:8.2                             : Container is started (JDBC URL: jdbc:mysql://localhost:62017/test)
2024-01-18T11:55:03.216+01:00  INFO 24126 --- [           main] o.s.b.a.e.web.EndpointLinksResolver      : Exposing 13 endpoint(s) beneath base path '/actuator'
2024-01-18T11:55:03.254+01:00  INFO 24126 --- [           main] o.s.b.w.embedded.tomcat.TomcatWebServer  : Tomcat started on port 62148 (http) with context path ''
2024-01-18T11:55:03.264+01:00  INFO 24126 --- [           main] o.s.s.petclinic.MySqlIntegrationTests    : Started MySqlIntegrationTests in 20.812 seconds (process running for 157.648)
]]></system-out>
  </testcase>
  <testcase name="testOwnerDetails" classname="org.springframework.samples.petclinic.MySqlIntegrationTests" time="0.196">
    <system-out><![CDATA[2024-01-18T11:55:03.589+01:00  INFO 24126 --- [o-auto-2-exec-1] o.a.c.c.C.[Tomcat-1].[localhost].[/]     : Initializing Spring DispatcherServlet 'dispatcherServlet'
2024-01-18T11:55:03.589+01:00  INFO 24126 --- [o-auto-2-exec-1] o.s.web.servlet.DispatcherServlet        : Initializing Servlet 'dispatcherServlet'
2024-01-18T11:55:03.590+01:00  INFO 24126 --- [o-auto-2-exec-1] o.s.web.servlet.DispatcherServlet        : Completed initialization in 1 ms
]]></system-out>
  </testcase>
</testsuite>